<?xml version="1.0" encoding="UTF-8"?>
<testng-results ignored="0" total="1" passed="1" failed="0" skipped="0">
  <reporter-output>
  </reporter-output>
  <suite started-at="2022-05-20T17:09:11 IST" name="Default suite" finished-at="2022-05-20T17:10:20 IST" duration-ms="69189">
    <groups>
    </groups>
    <test started-at="2022-05-20T17:09:11 IST" name="Default test" finished-at="2022-05-20T17:10:20 IST" duration-ms="69189">
      <class name="salesforce_assign.CreateEventTestNg">
        <test-method signature="test()[pri:0, instance:salesforce_assign.CreateEventTestNg@316bcf94]" started-at="2022-05-20T17:09:11 IST" name="test" finished-at="2022-05-20T17:10:20 IST" duration-ms="69158" status="PASS">
          <reporter-output>
          </reporter-output>
        </test-method> <!-- test -->
      </class> <!-- salesforce_assign.CreateEventTestNg -->
    </test> <!-- Default test -->
  </suite> <!-- Default suite -->
</testng-results>
